\BOOKMARK [0][-]{chapter*.1}{\376\377\004\022\004\062\004\065\004\064\004\065\004\075\004\070\004\065}{}% 1
\BOOKMARK [0][-]{chapter.1}{\376\377\000A\004\075\004\060\004\073\004\070\004\102\004\070\004\107\004\065\004\101\004\072\004\070\004\071\000\040\004\100\004\060\004\067\004\064\004\065\004\073}{}% 2
\BOOKMARK [1][-]{section.1.1}{\376\377\004\036\004\077\004\070\004\101\004\060\004\075\004\070\004\065\000\040\004\074\004\076\004\064\004\065\004\073\004\070\000\040\004\102\004\100\004\065\004\105\004\074\004\065\004\100\004\075\004\076\004\063\004\076\000\040\004\076\004\061\004\112\004\065\004\072\004\102\004\060\000\040\004\062\000\040\004\101\004\106\004\065\004\075\004\065}{chapter.1}% 3
\BOOKMARK [2][-]{subsection.1.1.1}{\376\377\004\034\004\076\004\064\004\065\004\073\004\114\000\040\004\072\004\060\004\072\000\040\004\063\004\065\004\076\004\074\004\065\004\102\004\100\004\070\004\107\004\065\004\101\004\072\004\070\004\071\000\040\004\077\004\100\004\070\004\074\004\070\004\102\004\070\004\062}{section.1.1}% 4
\BOOKMARK [2][-]{subsection.1.1.2}{\376\377\004\034\004\076\004\064\004\065\004\073\004\114\000\040\004\072\004\060\004\072\000\040\004\077\004\076\004\073\004\070\004\063\004\076\004\075\004\060\004\073\004\114\004\075\004\060\004\117\000\040\004\101\004\065\004\102\004\072\004\060}{section.1.1}% 5
\BOOKMARK [2][-]{subsection.1.1.3}{\376\377\004\022\004\113\004\062\004\076\004\064\004\113}{section.1.1}% 6
\BOOKMARK [1][-]{section.1.2}{\376\377\004\020\004\073\004\063\004\076\004\100\004\070\004\102\004\074\004\113\000\040\004\077\004\076\004\101\004\102\004\100\004\076\004\065\004\075\004\070\004\117\000\040\004\102\004\100\004\065\004\105\004\074\004\065\004\100\004\075\004\076\004\063\004\076\000\040\004\070\004\067\004\076\004\061\004\100\004\060\004\066\004\065\004\075\004\070\004\117}{chapter.1}% 7
\BOOKMARK [2][-]{subsection.1.2.1}{\376\377\004\020\004\073\004\063\004\076\004\100\004\070\004\102\004\074\000\040\004\022\004\060\004\100\004\075\004\076\004\072\004\060}{section.1.2}% 8
\BOOKMARK [2][-]{subsection.1.2.2}{\376\377\004\020\004\073\004\063\004\076\004\100\004\070\004\102\004\074\000\040\004\022\004\065\004\071\004\073\004\065\004\100\004\060\000-\004\020\004\067\004\065\004\100\004\102\004\076\004\075\004\060}{section.1.2}% 9
\BOOKMARK [2][-]{subsection.1.2.3}{\376\377\000Z\000-\004\061\004\103\004\104\004\065\004\100}{section.1.2}% 10
\BOOKMARK [2][-]{subsection.1.2.4}{\376\377\004\020\004\073\004\063\004\076\004\100\004\070\004\102\004\074\000\040\004\105\004\103\004\064\004\076\004\066\004\075\004\070\004\072\004\060}{section.1.2}% 11
\BOOKMARK [2][-]{subsection.1.2.5}{\376\377\004\020\004\073\004\063\004\076\004\100\004\070\004\102\004\074\000\040\004\076\004\061\004\100\004\060\004\102\004\075\004\076\004\071\000\040\004\102\004\100\004\060\004\101\004\101\004\070\004\100\004\076\004\062\004\072\004\070\000\040\004\073\004\103\004\107\004\065\004\071}{section.1.2}% 12
\BOOKMARK [2][-]{subsection.1.2.6}{\376\377\004\022\004\113\004\062\004\076\004\064\004\113}{section.1.2}% 13
\BOOKMARK [1][-]{section.1.3}{\376\377\004\020\004\075\004\060\004\073\004\070\004\067\000\040\004\060\004\073\004\063\004\076\004\100\004\070\004\102\004\074\004\076\004\062\000\040\004\075\004\060\004\073\004\076\004\066\004\065\004\075\004\070\004\117\000\040\004\102\004\065\004\072\004\101\004\102\004\103\004\100\000\040\004\075\004\060\000\040\004\076\004\061\004\112\004\065\004\072\004\102\004\113\000\040\004\102\004\100\004\121\004\105\004\074\004\065\004\100\004\075\004\076\004\071\000\040\004\101\004\106\004\065\004\075\004\113}{chapter.1}% 14
\BOOKMARK [2][-]{subsection.1.3.1}{\376\377\004\020\004\104\004\104\004\070\004\075\004\075\004\076\004\065\000\040\004\102\004\065\004\072\004\101\004\102\004\103\004\100\004\070\004\100\004\076\004\062\004\060\004\075\004\070\004\065}{section.1.3}% 15
\BOOKMARK [2][-]{subsection.1.3.2}{\376\377\004\037\004\065\004\100\004\101\004\077\004\065\004\072\004\102\004\070\004\062\004\075\004\076\000-\004\072\004\076\004\100\004\100\004\065\004\072\004\102\004\075\004\076\004\065\000\040\004\102\004\065\004\072\004\101\004\102\004\103\004\100\004\070\004\100\004\076\004\062\004\060\004\075\004\070\004\065}{section.1.3}% 16
\BOOKMARK [2][-]{subsection.1.3.3}{\376\377\004\022\004\113\004\062\004\076\004\064\004\113}{section.1.3}% 17
\BOOKMARK [1][-]{section.1.4}{\376\377\004\020\004\073\004\063\004\076\004\100\004\070\004\102\004\074\004\113\000\040\004\067\004\060\004\072\004\100\004\060\004\101\004\072\004\070\000\040\004\102\004\100\004\065\004\103\004\063\004\076\004\073\004\114\004\075\004\070\004\072\004\076\004\062}{chapter.1}% 18
\BOOKMARK [2][-]{subsection.1.4.1}{\376\377\004\020\004\073\004\063\004\076\004\100\004\070\004\102\004\074\004\113\000\040\004\101\004\076\000\040\004\101\004\077\004\070\004\101\004\072\004\076\004\074\000\040\004\100\004\121\004\061\004\065\004\100\004\075\004\113\004\105\000\040\004\102\004\076\004\107\004\065\004\072}{section.1.4}% 19
\BOOKMARK [2][-]{subsection.1.4.2}{\376\377\004\020\004\073\004\063\004\076\004\100\004\070\004\102\004\074\000\040\000X\000O\000R\000\040\004\064\004\073\004\117\000\040\004\063\004\100\004\060\004\075\004\065\004\071}{section.1.4}% 20
\BOOKMARK [2][-]{subsection.1.4.3}{\376\377\004\020\004\073\004\063\004\076\004\100\004\070\004\102\004\074\000\040\004\100\004\060\004\067\004\064\004\065\004\073\004\065\004\075\004\070\004\117}{section.1.4}% 21
\BOOKMARK [2][-]{subsection.1.4.4}{\376\377\004\020\004\073\004\063\004\076\004\100\004\070\004\102\004\074\000\040\004\067\004\060\004\077\004\076\004\073\004\075\004\065\004\075\004\070\004\117\000\040\004\102\004\100\004\065\004\103\004\063\004\076\004\073\004\114\004\075\004\070\004\072\004\060\000\040\004\101\000\040\004\070\004\101\004\077\004\076\004\073\004\114\004\067\004\076\004\062\004\060\004\075\004\070\004\065\004\074\000\040\004\061\004\060\004\100\004\070\004\106\004\065\004\075\004\102\004\100\004\070\004\107\004\065\004\101\004\072\004\070\004\105\000\040\004\072\004\076\004\076\004\100\004\064\004\070\004\075\004\060\004\102}{section.1.4}% 22
\BOOKMARK [2][-]{subsection.1.4.5}{\376\377\004\022\004\113\004\062\004\076\004\064\004\113}{section.1.4}% 23
\BOOKMARK [1][-]{section.1.5}{\376\377\004\036\004\077\004\070\004\101\004\060\004\075\004\070\004\065\000\040\004\102\004\100\004\065\004\105\004\074\004\065\004\100\004\075\004\113\004\105\000\040\004\077\004\100\004\065\004\076\004\061\004\100\004\060\004\067\004\076\004\062\004\060\004\075\004\070\004\071}{chapter.1}% 24
\BOOKMARK [2][-]{subsection.1.5.1}{\376\377\004\041\004\077\004\076\004\101\004\076\004\061\004\113\000\040\004\105\004\100\004\060\004\075\004\065\004\075\004\070\004\117\000\040\004\070\000\040\004\076\004\061\004\100\004\060\004\061\004\076\004\102\004\072\004\070\000\040\004\064\004\065\004\072\004\060\004\100\004\102\004\076\004\062\004\113\004\105\000\040\004\072\004\076\004\076\004\100\004\064\004\070\004\075\004\060\004\102}{section.1.5}% 25
\BOOKMARK [2][-]{subsection.1.5.2}{\376\377\004\037\004\100\004\065\004\076\004\061\004\100\004\060\004\067\004\076\004\062\004\060\004\075\004\070\004\065\000\040\004\102\004\100\004\065\004\105\004\074\004\065\004\100\004\075\004\076\004\063\004\076\000\040\004\077\004\100\004\076\004\101\004\102\004\100\004\060\004\075\004\101\004\102\004\062\004\060\000\040\004\062\000\040\004\064\004\062\004\103\004\074\004\065\004\100\004\075\004\076\004\065\000\040\004\077\004\100\004\076\004\101\004\102\004\100\004\060\004\075\004\101\004\102\004\062\004\076\000\040\004\115\004\072\004\100\004\060\004\075\004\060}{section.1.5}% 26
\BOOKMARK [2][-]{subsection.1.5.3}{\376\377\004\034\004\060\004\102\004\100\004\070\004\106\004\113\000\040\004\060\004\104\004\104\004\070\004\075\004\075\004\113\004\105\000\040\004\077\004\100\004\065\004\076\004\061\004\100\004\060\004\067\004\076\004\062\004\060\004\075\004\070\004\071\000\040\004\064\004\065\004\072\004\060\004\100\004\102\004\076\004\062\004\113\004\105\000\040\004\072\004\076\004\076\004\100\004\064\004\070\004\075\004\060\004\102}{section.1.5}% 27
\BOOKMARK [2][-]{subsection.1.5.4}{\376\377\004\032\004\062\004\060\004\102\004\065\004\100\004\075\004\070\004\076\004\075\004\113}{section.1.5}% 28
\BOOKMARK [2][-]{subsection.1.5.5}{\376\377\004\037\004\100\004\065\004\076\004\061\004\100\004\060\004\067\004\076\004\062\004\060\004\075\004\070\004\117\000\040\004\102\004\100\004\065\004\105\004\074\004\065\004\100\004\075\004\076\004\071\000\040\004\101\004\106\004\065\004\075\004\113\000\040\004\062\000\040\004\077\004\100\004\076\004\101\004\102\004\100\004\060\004\075\004\101\004\102\004\062\004\076\000\040\004\072\004\060\004\074\004\065\004\100\004\113}{section.1.5}% 29
\BOOKMARK [2][-]{subsection.1.5.6}{\376\377\004\034\004\060\004\102\004\100\004\070\004\106\004\060\000\040\004\077\004\065\004\100\004\101\004\077\004\065\004\072\004\102\004\070\004\062\004\075\004\076\004\071\000\040\004\077\004\100\004\076\004\065\004\072\004\106\004\070\004\070}{section.1.5}% 30
\BOOKMARK [2][-]{subsection.1.5.7}{\376\377\004\037\004\100\004\065\004\076\004\061\004\100\004\060\004\067\004\076\004\062\004\060\004\075\004\070\004\117\000\040\004\102\004\100\004\065\004\105\004\074\004\065\004\100\004\075\004\076\004\071\000\040\004\101\004\106\004\065\004\075\004\113\000\040\004\062\000\040\004\077\004\100\004\076\004\101\004\102\004\100\004\060\004\075\004\101\004\102\004\062\004\076\000\040\004\076\004\061\004\073\004\060\004\101\004\102\004\070\000\040\004\070\004\067\004\076\004\061\004\100\004\060\004\066\004\065\004\075\004\070\004\117}{section.1.5}% 31
\BOOKMARK [2][-]{subsection.1.5.8}{\376\377\004\022\004\113\004\062\004\076\004\064\004\113}{section.1.5}% 32
\BOOKMARK [1][-]{section.1.6}{\376\377\004\020\004\075\004\060\004\073\004\070\004\067\000\040\004\060\004\073\004\063\004\076\004\100\004\070\004\102\004\074\004\076\004\062\000\040\004\067\004\060\004\072\004\100\004\060\004\101\004\072\004\070}{chapter.1}% 33
\BOOKMARK [2][-]{subsection.1.6.1}{\376\377\004\036\004\064\004\075\004\076\004\102\004\076\004\075\004\075\004\060\004\117\000\040\004\067\004\060\004\072\004\100\004\060\004\101\004\072\004\060}{section.1.6}% 34
\BOOKMARK [2][-]{subsection.1.6.2}{\376\377\004\034\004\065\004\102\004\076\004\064\000\040\004\067\004\060\004\072\004\100\004\060\004\101\004\072\004\070\000\040\004\023\004\103\004\100\004\076}{section.1.6}% 35
\BOOKMARK [2][-]{subsection.1.6.3}{\376\377\004\034\004\065\004\102\004\076\004\064\000\040\004\067\004\060\004\072\004\100\004\060\004\101\004\072\004\070\000\040\004\044\004\076\004\075\004\063\004\060}{section.1.6}% 36
\BOOKMARK [2][-]{subsection.1.6.4}{\376\377\004\022\004\113\004\062\004\076\004\064\004\113}{section.1.6}% 37
\BOOKMARK [1][-]{section.1.7}{\376\377\004\020\004\073\004\063\004\076\004\100\004\070\004\102\004\074\004\113\000,\000\040\004\074\004\076\004\064\004\065\004\073\004\070\004\100\004\103\004\116\004\111\004\070\004\065\000\040\004\076\004\101\004\062\004\065\004\111\004\065\004\075\004\070\004\065}{chapter.1}% 38
\BOOKMARK [2][-]{subsection.1.7.1}{\376\377\004\034\004\076\004\064\004\065\004\073\004\114\000\040\004\033\004\060\004\074\004\061\004\065\004\100\004\102\004\060}{section.1.7}% 39
\BOOKMARK [2][-]{subsection.1.7.2}{\376\377\004\034\004\076\004\064\004\065\004\073\004\114\000\040\004\044\004\076\004\075\004\063\004\060}{section.1.7}% 40
\BOOKMARK [1][-]{section.1.8}{\376\377\004\022\004\113\004\062\004\076\004\064}{chapter.1}% 41
\BOOKMARK [0][-]{chapter.2}{\376\377\004\032\004\076\004\075\004\101\004\102\004\100\004\103\004\072\004\102\004\076\004\100\004\101\004\072\004\070\004\071\000\040\004\100\004\060\004\067\004\064\004\065\004\073}{}% 42
\BOOKMARK [1][-]{section.2.1}{\376\377\004\020\004\073\004\063\004\076\004\100\004\070\004\102\004\074\000\040\004\103\004\064\004\060\004\073\004\065\004\075\004\070\004\117\000\040\004\075\004\065\004\062\004\070\004\064\004\070\004\074\004\113\004\105\000\040\004\063\004\100\004\060\004\075\004\065\004\071\000\040\004\101\000\040\004\070\004\101\004\077\004\076\004\073\004\114\004\067\004\076\004\062\004\060\004\075\004\070\004\065\004\074\000\040\000z\000-\004\061\004\103\004\104\004\065\004\100\004\060}{chapter.2}% 43
\BOOKMARK [1][-]{section.2.2}{\376\377\004\020\004\073\004\063\004\076\004\100\004\070\004\102\004\074\000\040\004\076\004\061\004\100\004\060\004\102\004\075\004\076\004\071\000\040\004\102\004\100\004\060\004\101\004\101\004\070\004\100\004\076\004\062\004\072\004\070\000\040\004\073\004\103\004\107\004\065\004\071}{chapter.2}% 44
\BOOKMARK [1][-]{section.2.3}{\376\377\004\037\004\065\004\100\004\065\004\101\004\065\004\107\004\065\004\075\004\070\004\065\000\040\004\102\004\100\004\060\004\101\004\101\004\070\004\100\004\103\004\116\004\111\004\065\004\063\004\076\000\040\004\073\004\103\004\107\004\060\000\040\004\101\000\040\004\102\004\100\004\065\004\103\004\063\004\076\004\073\004\114\004\075\004\070\004\072\004\076\004\074}{chapter.2}% 45
\BOOKMARK [1][-]{section.2.4}{\376\377\004\020\004\073\004\063\004\076\004\100\004\070\004\102\004\074\000\040\004\075\004\060\004\105\004\076\004\066\004\064\004\065\004\075\004\070\004\117\000\040\004\077\004\065\004\100\004\065\004\101\004\065\004\107\004\065\004\075\004\070\004\117\000\040\004\073\004\103\004\107\004\060\000\040\004\101\000\040\004\077\004\060\004\100\004\060\004\073\004\073\004\065\004\073\004\065\004\077\004\070\004\077\004\065\004\064\004\076\004\074}{chapter.2}% 46
\BOOKMARK [1][-]{section.2.5}{\376\377\004\035\004\060\004\105\004\076\004\066\004\064\004\065\004\075\004\070\004\065\000\040\004\076\004\102\004\100\004\060\004\066\004\065\004\075\004\075\004\076\004\063\004\076\000\040\004\073\004\103\004\107\004\060}{chapter.2}% 47
\BOOKMARK [1][-]{section.2.6}{\376\377\004\040\004\060\004\101\004\107\004\065\004\102\000\040\004\070\004\075\004\102\004\065\004\075\004\101\004\070\004\062\004\075\004\076\004\101\004\102\004\065\004\071}{chapter.2}% 48
\BOOKMARK [1][-]{section.2.7}{\376\377\004\036\004\077\004\070\004\101\004\060\004\075\004\070\004\065\000\040\004\062\004\105\004\076\004\064\004\075\004\113\004\105\000\040\004\064\004\060\004\075\004\075\004\113\004\105}{chapter.2}% 49
\BOOKMARK [0][-]{chapter.3}{\376\377\004\042\004\065\004\105\004\075\004\076\004\073\004\076\004\063\004\070\004\107\004\065\004\101\004\072\004\070\004\071\000\040\004\100\004\060\004\067\004\064\004\065\004\073}{}% 50
\BOOKMARK [1][-]{subsection.3.0.1}{\376\377\004\041\004\100\004\065\004\064\004\101\004\102\004\062\004\060\000\040\004\100\004\065\004\060\004\073\004\070\004\067\004\060\004\106\004\070\004\070}{chapter.3}% 51
\BOOKMARK [1][-]{section.3.1}{\376\377\004\036\004\077\004\070\004\101\004\060\004\075\004\070\004\065\000\040\004\101\004\102\004\100\004\103\004\072\004\102\004\103\004\100\004\113\000\040\004\077\004\100\004\076\004\063\004\100\004\060\004\074\004\074\004\113}{chapter.3}% 52
\BOOKMARK [1][-]{section.3.2}{\376\377\004\033\004\070\004\101\004\102\004\070\004\075\004\063\000\040\004\072\004\076\004\064\004\060}{chapter.3}% 53
\BOOKMARK [1][-]{section.3.3}{\376\377\004\036\004\077\004\070\004\101\004\060\004\075\004\070\004\065\000\040\004\070\004\075\004\102\004\065\004\100\004\104\004\065\004\071\004\101\004\060}{chapter.3}% 54
\BOOKMARK [0][-]{chapter.4}{\376\377\004\030\004\101\004\101\004\073\004\065\004\064\004\076\004\062\004\060\004\102\004\065\004\073\004\114\004\101\004\072\004\070\004\071\000\040\004\100\004\060\004\067\004\064\004\065\004\073}{}% 55
\BOOKMARK [1][-]{section.4.1}{\376\377\004\042\004\065\004\105\004\075\004\070\004\107\004\065\004\101\004\072\004\070\004\065\000\040\004\105\004\060\004\100\004\060\004\072\004\102\004\065\004\100\004\070\004\101\004\102\004\070\004\072\004\070}{chapter.4}% 56
\BOOKMARK [1][-]{section.4.2}{\376\377\004\036\004\077\004\070\004\101\004\060\004\075\004\070\004\065\000\040\004\115\004\072\004\101\004\077\004\065\004\100\004\070\004\074\004\065\004\075\004\102\004\076\004\062}{chapter.4}% 57
\BOOKMARK [2][-]{subsection.4.2.1}{\376\377\004\027\004\060\004\062\004\070\004\101\004\070\004\074\004\076\004\101\004\102\004\114\000\040\004\062\004\100\004\065\004\074\004\065\004\075\004\070\000\040\004\100\004\060\004\061\004\076\004\102\004\113\000\040\004\060\004\073\004\063\004\076\004\100\004\070\004\102\004\074\004\060\000\040\004\076\004\061\004\100\004\060\004\102\004\075\004\076\004\071\000\040\004\102\004\100\004\060\004\101\004\101\004\070\004\100\004\076\004\062\004\072\004\070\000\040\004\073\004\103\004\107\004\065\004\071\000\040\004\076\004\102\000\040\004\072\004\076\004\073\004\070\004\107\004\065\004\101\004\102\004\062\004\060\000\040\004\077\004\076\004\102\004\076\004\072\004\076\004\062\000\040\004\077\004\100\004\076\004\063\004\100\004\060\004\074\004\074\004\113}{section.4.2}% 58
\BOOKMARK [2][-]{subsection.4.2.2}{\376\377\004\027\004\060\004\062\004\070\004\101\004\070\004\074\004\076\004\101\004\102\004\114\000\040\004\062\004\100\004\065\004\074\004\065\004\075\004\070\000\040\004\100\004\060\004\061\004\076\004\102\004\113\000\040\004\060\004\073\004\063\004\076\004\100\004\070\004\102\004\074\004\060\000\040\004\076\004\061\004\100\004\060\004\102\004\075\004\076\004\071\000\040\004\102\004\100\004\060\004\101\004\101\004\070\004\100\004\076\004\062\004\072\004\070\000\040\004\073\004\103\004\107\004\065\004\071\000\040\004\076\004\102\000\040\004\060\004\073\004\063\004\076\004\100\004\070\004\102\004\074\004\076\004\062\000\040\004\077\004\065\004\100\004\065\004\101\004\065\004\107\004\065\004\075\004\070\004\117}{section.4.2}% 59
\BOOKMARK [1][-]{section.4.3}{\376\377\004\024\004\065\004\074\004\076\004\075\004\101\004\102\004\100\004\060\004\106\004\070\004\117\000\040\004\100\004\060\004\061\004\076\004\102\004\113\000\040\004\077\004\100\004\076\004\063\004\100\004\060\004\074\004\074\004\113}{chapter.4}% 60
\BOOKMARK [0][-]{chapter*.40}{\376\377\004\041\004\077\004\070\004\101\004\076\004\072\000\040\004\070\004\101\004\077\004\076\004\073\004\114\004\067\004\076\004\062\004\060\004\075\004\075\004\076\004\071\000\040\004\073\004\070\004\102\004\065\004\100\004\060\004\102\004\103\004\100\004\113}{}% 61
